* using log directory ‘/Users/javiercuadradocorz/Documents/git_projects/coding-test-R/drawsample.Rcheck’
* using R version 3.6.0 (2019-04-26)
* using platform: x86_64-apple-darwin18.5.0 (64-bit)
* using session charset: UTF-8
* using options ‘--no-manual --as-cran’
* checking for file ‘drawsample/DESCRIPTION’ ... OK
* checking extension type ... Package
* this is package ‘drawsample’ version ‘0.1.0’
* package encoding: UTF-8
* checking package namespace information ... OK
* checking package dependencies ... OK
* checking if this is a source package ... OK
* checking if there is a namespace ... OK
* checking for executable files ... OK
* checking for hidden files and directories ... OK
* checking for portable file names ... OK
* checking for sufficient/correct file permissions ... OK
* checking serialization versions ... OK
* checking whether package ‘drawsample’ can be installed ... OK
* checking installed package size ... OK
* checking package directory ... OK
* checking for future file timestamps ... OK
* checking DESCRIPTION meta-information ... NOTE
Malformed Description field: should contain one or more complete sentences.
* checking top-level files ... OK
* checking for left-over files ... OK
* checking index information ... OK
* checking package subdirectories ... OK
* checking R files for non-ASCII characters ... OK
* checking R files for syntax errors ... OK
* checking whether the package can be loaded ... OK
* checking whether the package can be loaded with stated dependencies ... OK
* checking whether the package can be unloaded cleanly ... OK
* checking whether the namespace can be loaded with stated dependencies ... OK
* checking whether the namespace can be unloaded cleanly ... OK
* checking loading without being on the library search path ... OK
* checking dependencies in R code ... OK
* checking S3 generic/method consistency ... OK
* checking replacement functions ... OK
* checking foreign function calls ... OK
* checking R code for possible problems ... NOTE
draws: no visible global function definition for ‘rnorm’
draws: no visible global function definition for ‘rpois’
draws: no visible global function definition for ‘rbinom’
Undefined global functions or variables:
  rbinom rnorm rpois
Consider adding
  importFrom("stats", "rbinom", "rnorm", "rpois")
to your NAMESPACE file.
* checking Rd files ... OK
* checking Rd metadata ... OK
* checking Rd line widths ... OK
* checking Rd cross-references ... OK
* checking for missing documentation entries ... OK
* checking for code/documentation mismatches ... OK
* checking Rd \usage sections ... OK
* checking Rd contents ... OK
* checking for unstated dependencies in examples ... OK
* checking examples ... OK
* checking for unstated dependencies in ‘tests’ ... OK
* checking tests ... ERROR
  Running ‘testthat.R’
Running the tests in ‘tests/testthat.R’ failed.
Last 13 lines of output:
         register_expectation(e)
         e$handled <- TRUE
         test_error <<- e
     }, "could not find function \"thest_that\"", base::quote(thest_that("Number of elements of class object (list)", 
         {
             expect_length(draws(100, "normal", mean = 0, sd = 1), 2)
         }))) at testthat/test_draws.R:1
  2: eval(code, test_env)
  
  ══ testthat results  ══════════════════════════════════════════
  [ OK: 0 | SKIPPED: 0 | WARNINGS: 0 | FAILED: 1 ]
  1. Error: (unknown) (@test_draws.R#1) 
  
  Error: testthat unit tests failed
  Execution halted
* DONE
Status: 1 ERROR, 2 NOTEs
